<?xml version="1.0" encoding="UTF-8"?>
<testng-results skipped="0" failed="0" ignored="0" total="1" passed="1">
  <reporter-output>
  </reporter-output>
  <suite name="Default suite" duration-ms="8171" started-at="2019-04-10T11:23:54Z" finished-at="2019-04-10T11:24:02Z">
    <groups>
    </groups>
    <test name="Default test" duration-ms="8171" started-at="2019-04-10T11:23:54Z" finished-at="2019-04-10T11:24:02Z">
      <class name="SeleniumGrid.SeleniumGrid">
        <test-method status="PASS" signature="f()[pri:0, instance:SeleniumGrid.SeleniumGrid@67b467e9]" name="f" duration-ms="8153" started-at="2019-04-10T11:23:54Z" finished-at="2019-04-10T11:24:02Z">
          <reporter-output>
          </reporter-output>
        </test-method> <!-- f -->
      </class> <!-- SeleniumGrid.SeleniumGrid -->
    </test> <!-- Default test -->
  </suite> <!-- Default suite -->
</testng-results>
